14_北航个人饮食管理系统/Buaa.FoodManagement/app/build/outputs/logs/manifest-merger-debug-report.txt
-- Merging decision tree log ---
manifest
ADDED from src/main/AndroidManifest.xml:2:1-28:12
	package
		ADDED from src/main/AndroidManifest.xml:3:7-31
		INJECTED from src/main/AndroidManifest.xml
		INJECTED from src/main/AndroidManifest.xml
	android:versionName
		ADDED from src/main/AndroidManifest.xml:5:7-32
		INJECTED from src/main/AndroidManifest.xml
		INJECTED from src/main/AndroidManifest.xml
	android:versionCode
		ADDED from src/main/AndroidManifest.xml:4:7-30
		INJECTED from src/main/AndroidManifest.xml
		INJECTED from src/main/AndroidManifest.xml
	xmlns:android
		ADDED from src/main/AndroidManifest.xml:2:11-69
application
ADDED from src/main/AndroidManifest.xml:6:5-25:19
	android:label
		ADDED from src/main/AndroidManifest.xml:6:48-80
	android:icon
		ADDED from src/main/AndroidManifest.xml:6:18-47
activity#cn.zz.activity.MainApp
ADDED from src/main/AndroidManifest.xml:7:9-13:20
	android:label
		ADDED from src/main/AndroidManifest.xml:8:19-51
	android:name
		ADDED from src/main/AndroidManifest.xml:7:19-42
intent-filter#android.intent.action.MAIN+android.intent.category.LAUNCHER
ADDED from src/main/AndroidManifest.xml:9:13-12:29
action#android.intent.action.MAIN
ADDED from src/main/AndroidManifest.xml:10:17-69
	android:name
		ADDED from src/main/AndroidManifest.xml:10:25-66
category#android.intent.category.LAUNCHER
ADDED from src/main/AndroidManifest.xml:11:17-77
	android:name
		ADDED from src/main/AndroidManifest.xml:11:27-74
activity#cn.zz.activity.FoodListView
ADDED from src/main/AndroidManifest.xml:15:9-17:20
	android:label
		ADDED from src/main/AndroidManifest.xml:16:19-51
	android:name
		ADDED from src/main/AndroidManifest.xml:15:19-47
activity#cn.zz.activity.About
ADDED from src/main/AndroidManifest.xml:18:9-20:20
	android:label
		ADDED from src/main/AndroidManifest.xml:19:19-51
	android:name
		ADDED from src/main/AndroidManifest.xml:18:19-40
activity#cn.zz.activity.FoodInfo
ADDED from src/main/AndroidManifest.xml:22:9-24:20
	android:label
		ADDED from src/main/AndroidManifest.xml:23:19-51
	android:name
		ADDED from src/main/AndroidManifest.xml:22:19-43
uses-sdk
ADDED from src/main/AndroidManifest.xml:26:5-43
	android:targetSdkVersion
		INJECTED from src/main/AndroidManifest.xml
		INJECTED from src/main/AndroidManifest.xml
	android:minSdkVersion
		ADDED from src/main/AndroidManifest.xml:26:15-40
		INJECTED from src/main/AndroidManifest.xml
		INJECTED from src/main/AndroidManifest.xml